1 package com.acseed.practice.io;
2 
3 import java.io.BufferedReader;
4 import java.io.IOException;
5 import java.io.PrintWriter;
6 import java.io.StringReader;
7 
8 /**
9  * Created by caohongchen on 17/1/14.
10  */
11 public class FileOutputShortcut {
12     static String file = "FileOutputShortcut.out";
13 
14     public static void main(String[] args) throws IOException {
15         BufferedReader in = new BufferedReader(
16                 new StringReader(
17                         BufferedInputFile.read("/Users/pintec/project/practice/src/main/java/com/acseed/practice/io/FileOutputShortcut.java")
18                 )
19         );
20         PrintWriter out = new PrintWriter(file);
21 
22         int lineCount = 1;
23         String s;
24         while ((s = in.readLine()) != null) {
25             out.println(lineCount++ + " " + s);
26         }
27         out.close();
28         System.out.println(BufferedInputFile.read(file));
29     }
30 }
